12/25/2020 4:48:51 PM	This log contains information about the import schema operation into project 'Database1' on computer 'MININT-SL6I94T' by user 'Administrator'.
12/25/2020 4:48:52 PM	Import of database schema has started.
12/25/2020 4:48:55 PM	Gathering database credentials
12/25/2020 4:48:55 PM	Gathering database options
12/25/2020 4:48:55 PM	Gathering users
12/25/2020 4:48:55 PM	Gathering roles
12/25/2020 4:48:55 PM	Gathering application roles
12/25/2020 4:48:55 PM	Gathering role memberships
12/25/2020 4:48:55 PM	Gathering filegroups
12/25/2020 4:48:55 PM	Gathering full-text catalogs
12/25/2020 4:48:55 PM	Gathering assemblies
12/25/2020 4:48:55 PM	Gathering certificates
12/25/2020 4:48:55 PM	Gathering asymmetric keys
12/25/2020 4:48:55 PM	Gathering symmetric keys
12/25/2020 4:48:55 PM	Gathering encrypted symmetric keys
12/25/2020 4:48:55 PM	Gathering schemas
12/25/2020 4:48:55 PM	Gathering XML schema collections
12/25/2020 4:48:55 PM	Gathering user-defined data types
12/25/2020 4:48:55 PM	Gathering user-defined types
12/25/2020 4:48:55 PM	Gathering table types
12/25/2020 4:48:55 PM	Gathering unique keys for table types
12/25/2020 4:48:55 PM	Gathering primary keys for table types
12/25/2020 4:48:55 PM	Gathering indexes for table types
12/25/2020 4:48:55 PM	Gathering check constraints for table types
12/25/2020 4:48:55 PM	Gathering default constraints for table types
12/25/2020 4:48:55 PM	Gathering partition functions
12/25/2020 4:48:55 PM	Gathering partition schemes
12/25/2020 4:48:55 PM	Gathering functions
12/25/2020 4:48:55 PM	Gathering encrypted functions
12/25/2020 4:48:55 PM	Gathering aggregates
12/25/2020 4:48:55 PM	Gathering procedures
12/25/2020 4:48:55 PM	Gathering encrypted procedures
12/25/2020 4:48:55 PM	Gathering tables
12/25/2020 4:48:55 PM	Gathering primary keys
12/25/2020 4:48:55 PM	Gathering unique constraints
12/25/2020 4:48:55 PM	Gathering foreign keys
12/25/2020 4:48:55 PM	Gathering default constraints
12/25/2020 4:48:55 PM	Gathering check constraints
12/25/2020 4:48:55 PM	Gathering views
12/25/2020 4:48:55 PM	Gathering encrypted views
12/25/2020 4:48:55 PM	Gathering indexes
12/25/2020 4:48:55 PM	Gathering statistics
12/25/2020 4:48:55 PM	Gathering full-text index stoplists
12/25/2020 4:48:55 PM	Gathering search property lists
12/25/2020 4:48:55 PM	Gathering search properties
12/25/2020 4:48:55 PM	Gathering full-text indexes
12/25/2020 4:48:55 PM	Gathering column store indexes
12/25/2020 4:48:55 PM	Gathering spatial indexes
12/25/2020 4:48:55 PM	Gathering XML indexes
12/25/2020 4:48:55 PM	Gathering Selective XML indexes
12/25/2020 4:48:55 PM	Gathering encrypted triggers
12/25/2020 4:48:55 PM	Gathering triggers
12/25/2020 4:48:55 PM	Gathering encrypted and clr ddl triggers
12/25/2020 4:48:55 PM	Gathering ddl triggers
12/25/2020 4:48:55 PM	Gathering synonyms
12/25/2020 4:48:55 PM	Gathering defaults
12/25/2020 4:48:55 PM	Gathering data constraint uddt bindings
12/25/2020 4:48:55 PM	Gathering rules
12/25/2020 4:48:55 PM	Gathering data constraint uddt bindings
12/25/2020 4:48:55 PM	Gathering message types
12/25/2020 4:48:55 PM	Gathering queues
12/25/2020 4:48:55 PM	Gathering contracts
12/25/2020 4:48:55 PM	Gathering services
12/25/2020 4:48:55 PM	Gathering event notifications
12/25/2020 4:48:55 PM	Gathering remote service bindings
12/25/2020 4:48:55 PM	Gathering broker priorities
12/25/2020 4:48:55 PM	Gathering signatures
12/25/2020 4:48:55 PM	Gathering data compression options
12/25/2020 4:48:55 PM	Gathering sequence types
12/25/2020 4:48:55 PM	Gathering security policies
12/25/2020 4:48:55 PM	Gather column encryption keys
12/25/2020 4:48:55 PM	Gathering column master keys
12/25/2020 4:48:55 PM	Gathering external data sources
12/25/2020 4:48:55 PM	Gathering external file formats
12/25/2020 4:48:55 PM	Gathering external tables
12/25/2020 4:48:55 PM	Gathering extended properties
12/25/2020 4:48:55 PM	Gathering credentials
12/25/2020 4:48:55 PM	Gathering logins
12/25/2020 4:48:55 PM	Gathering server audits
12/25/2020 4:48:56 PM	Finished importing database.
12/25/2020 4:48:56 PM	A summary of the import was saved to the following location: C:\Users\Administrator\Desktop\WebAPI_Application\WebAPIApp\DB\Database1\Import Schema Logs\Database1_20201225084851.log
12/25/2020 4:48:56 PM	Click Finish to continue...
